<?xml version="1.0" encoding="UTF-8"?>
<!-- Generated by org.testng.reporters.JUnitXMLReporter -->
<testsuite hostname="DESKTOP-A13PPTI" ignored="0" name="TestNG Testcases" tests="3" failures="0" timestamp="22 Oct 2019 06:42:16 GMT" time="0.078" errors="0">
  <testcase name="testCase3" time="0.021" classname="testNG.TestNGExamples"/>
  <testcase name="testCase1" time="0.008" classname="testNG.TestNGExamples"/>
  <testcase name="testCase2" time="0.005" classname="testNG.TestNGExamples"/>
</testsuite> <!-- TestNG Testcases -->
