<?xml version="1.0" encoding="UTF-8"?>
<testng-results skipped="0" failed="0" ignored="0" total="1" passed="1">
  <reporter-output>
  </reporter-output>
  <suite name="Default suite" duration-ms="921" started-at="2019-11-10T08:26:36Z" finished-at="2019-11-10T08:26:37Z">
    <groups>
    </groups>
    <test name="Default test" duration-ms="921" started-at="2019-11-10T08:26:36Z" finished-at="2019-11-10T08:26:37Z">
      <class name="utils.ExcelDataProvider">
        <test-method status="PASS" signature="test1(java.lang.String, java.lang.String)[pri:0, instance:utils.ExcelDataProvider@7c16905e]" name="test1" duration-ms="26" started-at="2019-11-10T13:56:37Z" data-provider="testdata1" finished-at="2019-11-10T13:56:37Z">
          <params>
            <param index="0">
              <value>
                <![CDATA[admin]]>
              </value>
            </param>
            <param index="1">
              <value>
                <![CDATA[admin@123]]>
              </value>
            </param>
          </params>
          <reporter-output>
          </reporter-output>
        </test-method> <!-- test1 -->
      </class> <!-- utils.ExcelDataProvider -->
    </test> <!-- Default test -->
  </suite> <!-- Default suite -->
</testng-results>
