<?xml version="1.0" encoding="UTF-8"?>
<testng-results skipped="0" failed="0" ignored="0" total="3" passed="3">
  <reporter-output>
  </reporter-output>
  <suite name="Practice Suite" duration-ms="92" started-at="2019-10-22T07:12:34Z" finished-at="2019-10-22T07:12:34Z">
    <groups>
      <group name="regression">
        <method signature="TestNGExamples.testCase1()[pri:2, instance:testNG.TestNGExamples@7823a2f9]" name="testCase1" class="testNG.TestNGExamples"/>
        <method signature="TestNGExamples.testCase2()[pri:3, instance:testNG.TestNGExamples@7823a2f9]" name="testCase2" class="testNG.TestNGExamples"/>
      </group> <!-- regression -->
      <group name="smoke">
        <method signature="TestNGExamples.testCase1()[pri:2, instance:testNG.TestNGExamples@7823a2f9]" name="testCase1" class="testNG.TestNGExamples"/>
        <method signature="TestNGExamples.testCase3()[pri:1, instance:testNG.TestNGExamples@7823a2f9]" name="testCase3" class="testNG.TestNGExamples"/>
      </group> <!-- smoke -->
    </groups>
    <test name="TestNG Testcases" duration-ms="92" started-at="2019-10-22T07:12:34Z" finished-at="2019-10-22T07:12:34Z">
      <class name="testNG.TestNGExamples">
        <test-method status="PASS" signature="testCase3()[pri:1, instance:testNG.TestNGExamples@7823a2f9]" name="testCase3" duration-ms="24" started-at="2019-10-22T07:12:34Z" finished-at="2019-10-22T07:12:34Z">
          <reporter-output>
          </reporter-output>
        </test-method> <!-- testCase3 -->
        <test-method status="PASS" signature="testCase1()[pri:2, instance:testNG.TestNGExamples@7823a2f9]" name="testCase1" duration-ms="0" started-at="2019-10-22T07:12:34Z" finished-at="2019-10-22T07:12:34Z">
          <reporter-output>
          </reporter-output>
        </test-method> <!-- testCase1 -->
        <test-method status="PASS" signature="testCase2()[pri:3, instance:testNG.TestNGExamples@7823a2f9]" name="testCase2" duration-ms="5" started-at="2019-10-22T07:12:34Z" finished-at="2019-10-22T07:12:34Z">
          <reporter-output>
          </reporter-output>
        </test-method> <!-- testCase2 -->
      </class> <!-- testNG.TestNGExamples -->
    </test> <!-- TestNG Testcases -->
  </suite> <!-- Practice Suite -->
</testng-results>
