<?xml version="1.0" encoding="UTF-8"?>
<!-- Generated by org.testng.reporters.JUnitXMLReporter -->
<testsuite hostname="DESKTOP-A13PPTI" ignored="0" name="TestNG Testcases" tests="3" failures="0" timestamp="22 Oct 2019 06:37:41 GMT" time="0.1" errors="0">
  <testcase name="testCase3" time="0.024" classname="testNG.TestNGExamples"/>
  <testcase name="testCase1" time="0.007" classname="testNG.TestNGExamples"/>
  <testcase name="testCase2" time="0.002" classname="testNG.TestNGExamples"/>
</testsuite> <!-- TestNG Testcases -->
