<?xml version="1.0" encoding="UTF-8"?>
<testng-results skipped="0" failed="0" ignored="0" total="4" passed="4">
  <reporter-output>
  </reporter-output>
  <suite name="Default suite" duration-ms="1841" started-at="2019-11-11T06:12:19Z" finished-at="2019-11-11T06:12:21Z">
    <groups>
    </groups>
    <test name="Default test" duration-ms="1841" started-at="2019-11-11T06:12:19Z" finished-at="2019-11-11T06:12:21Z">
      <class name="ExcelDataProvider_POM">
        <test-method status="PASS" signature="test1(java.lang.String, java.lang.String, java.lang.String, double, java.lang.String)[pri:0, instance:ExcelDataProvider_POM@14acaea5]" name="test1" duration-ms="29" started-at="2019-11-11T06:12:21Z" data-provider="UNFTD_007" finished-at="2019-11-11T06:12:21Z">
          <params>
            <param index="0">
              <value>
                <![CDATA[Red T shirt]]>
              </value>
            </param>
            <param index="1">
              <value>
                <![CDATA[T shirt]]>
              </value>
            </param>
            <param index="2">
              <value>
                <![CDATA[RTS-012]]>
              </value>
            </param>
            <param index="3">
              <value>
                <![CDATA[1500.0]]>
              </value>
            </param>
            <param index="4">
              <value>
                <![CDATA[Sports]]>
              </value>
            </param>
          </params>
          <reporter-output>
          </reporter-output>
        </test-method> <!-- test1 -->
        <test-method status="PASS" signature="test1(java.lang.String, java.lang.String, java.lang.String, double, java.lang.String)[pri:0, instance:ExcelDataProvider_POM@14acaea5]" name="test1" duration-ms="5" started-at="2019-11-11T06:12:21Z" data-provider="UNFTD_007" finished-at="2019-11-11T06:12:21Z">
          <params>
            <param index="0">
              <value>
                <![CDATA[Blazer(II-V)]]>
              </value>
            </param>
            <param index="1">
              <value>
                <![CDATA[Blazer]]>
              </value>
            </param>
            <param index="2">
              <value>
                <![CDATA[Blz-014]]>
              </value>
            </param>
            <param index="3">
              <value>
                <![CDATA[3000.0]]>
              </value>
            </param>
            <param index="4">
              <value>
                <![CDATA[Formal wear]]>
              </value>
            </param>
          </params>
          <reporter-output>
          </reporter-output>
        </test-method> <!-- test1 -->
        <test-method status="PASS" signature="test1(java.lang.String, java.lang.String, java.lang.String, double, java.lang.String)[pri:0, instance:ExcelDataProvider_POM@14acaea5]" name="test1" duration-ms="6" started-at="2019-11-11T06:12:21Z" data-provider="UNFTD_007" finished-at="2019-11-11T06:12:21Z">
          <params>
            <param index="0">
              <value>
                <![CDATA[Socks]]>
              </value>
            </param>
            <param index="1">
              <value>
                <![CDATA[socks]]>
              </value>
            </param>
            <param index="2">
              <value>
                <![CDATA[Soc-143]]>
              </value>
            </param>
            <param index="3">
              <value>
                <![CDATA[200.0]]>
              </value>
            </param>
            <param index="4">
              <value>
                <![CDATA[Sports]]>
              </value>
            </param>
          </params>
          <reporter-output>
          </reporter-output>
        </test-method> <!-- test1 -->
        <test-method status="PASS" signature="test1(java.lang.String, java.lang.String, java.lang.String, double, java.lang.String)[pri:0, instance:ExcelDataProvider_POM@14acaea5]" name="test1" duration-ms="5" started-at="2019-11-11T06:12:21Z" data-provider="UNFTD_007" finished-at="2019-11-11T06:12:21Z">
          <params>
            <param index="0">
              <value>
                <![CDATA[Shirt]]>
              </value>
            </param>
            <param index="1">
              <value>
                <![CDATA[shirt]]>
              </value>
            </param>
            <param index="2">
              <value>
                <![CDATA[SHI-201]]>
              </value>
            </param>
            <param index="3">
              <value>
                <![CDATA[500.0]]>
              </value>
            </param>
            <param index="4">
              <value>
                <![CDATA[Shirts]]>
              </value>
            </param>
          </params>
          <reporter-output>
          </reporter-output>
        </test-method> <!-- test1 -->
      </class> <!-- ExcelDataProvider_POM -->
    </test> <!-- Default test -->
  </suite> <!-- Default suite -->
</testng-results>
