<?xml version="1.0" encoding="UTF-8"?>
<!-- Generated by org.testng.reporters.JUnitXMLReporter -->
<testsuite hostname="DESKTOP-A13PPTI" ignored="0" tests="4" failures="0" timestamp="11 Nov 2019 06:12:21 GMT" time="1.841" errors="0">
  <testcase name="test1" time="0.029" classname="ExcelDataProvider_POM"/>
  <testcase name="test1" time="0.005" classname="ExcelDataProvider_POM"/>
  <testcase name="test1" time="0.006" classname="ExcelDataProvider_POM"/>
  <testcase name="test1" time="0.005" classname="ExcelDataProvider_POM"/>
</testsuite>
