<?xml version="1.0" encoding="UTF-8"?>
<testng-results skipped="0" failed="0" ignored="0" total="1" passed="1">
  <reporter-output>
  </reporter-output>
  <suite name="Default suite" duration-ms="23439" started-at="2019-11-05T17:17:57Z" finished-at="2019-11-05T17:18:20Z">
    <groups>
    </groups>
    <test name="Default test" duration-ms="23439" started-at="2019-11-05T17:17:57Z" finished-at="2019-11-05T17:18:20Z">
      <class name="TestCases.UNF_038">
        <test-method status="PASS" signature="SetUp()[pri:0, instance:TestCases.UNF_038@7823a2f9]" name="SetUp" is-config="true" duration-ms="13993" started-at="2019-11-05T17:17:57Z" finished-at="2019-11-05T17:18:11Z">
          <reporter-output>
          </reporter-output>
        </test-method> <!-- SetUp -->
        <test-method status="PASS" signature="Login()[pri:0, instance:TestCases.UNF_038@7823a2f9]" name="Login" duration-ms="9419" started-at="2019-11-05T17:18:11Z" finished-at="2019-11-05T17:18:20Z">
          <reporter-output>
          </reporter-output>
        </test-method> <!-- Login -->
      </class> <!-- TestCases.UNF_038 -->
    </test> <!-- Default test -->
  </suite> <!-- Default suite -->
</testng-results>
