<?xml version="1.0" encoding="UTF-8"?>
<!-- Generated by org.testng.reporters.JUnitXMLReporter -->
<testsuite hostname="DESKTOP-A13PPTI" ignored="0" name="Default test" tests="3" failures="0" timestamp="22 Oct 2019 05:30:46 GMT" time="0.071" errors="0">
  <testcase name="testCase1" time="0.007" classname="testNG.TestNGExamples"/>
  <testcase name="testCase2" time="0.004" classname="testNG.TestNGExamples"/>
  <testcase name="testCase3" time="0.004" classname="testNG.TestNGExamples"/>
</testsuite> <!-- Default test -->
